\BOOKMARK [1][-]{section.1}{Introduzione}{}% 1
\BOOKMARK [2][-]{subsection.1.1}{Scopo del progetto}{section.1}% 2
\BOOKMARK [2][-]{subsection.1.2}{La teoria computazionale della mente}{section.1}% 3
\BOOKMARK [2][-]{subsection.1.3}{I servizi cognitivi}{section.1}% 4
\BOOKMARK [1][-]{section.2}{Panoramica}{}% 5
\BOOKMARK [1][-]{section.3}{Microsoft Cognitive Services}{}% 6
\BOOKMARK [2][-]{subsection.3.1}{Prerequisiti}{section.3}% 7
\BOOKMARK [2][-]{subsection.3.2}{Computer Vision API}{section.3}% 8
\BOOKMARK [2][-]{subsection.3.3}{Content Moderator API}{section.3}% 9
\BOOKMARK [2][-]{subsection.3.4}{Emotion API}{section.3}% 10
\BOOKMARK [2][-]{subsection.3.5}{Face API}{section.3}% 11
\BOOKMARK [2][-]{subsection.3.6}{Tariffe}{section.3}% 12
\BOOKMARK [1][-]{section.4}{IBM Watson Services}{}% 13
\BOOKMARK [2][-]{subsection.4.1}{Prerequisiti}{section.4}% 14
\BOOKMARK [2][-]{subsection.4.2}{Visual Recognition}{section.4}% 15
\BOOKMARK [2][-]{subsection.4.3}{Tariffe}{section.4}% 16
\BOOKMARK [1][-]{section.5}{Amazon Artificial Intelligence}{}% 17
\BOOKMARK [2][-]{subsection.5.1}{Prerequisiti}{section.5}% 18
\BOOKMARK [2][-]{subsection.5.2}{Amazon Rekognition}{section.5}% 19
\BOOKMARK [2][-]{subsection.5.3}{Tariffe}{section.5}% 20
\BOOKMARK [1][-]{section.6}{Google Cloud Machine Learning Services}{}% 21
\BOOKMARK [2][-]{subsection.6.1}{Prerequisiti}{section.6}% 22
\BOOKMARK [2][-]{subsection.6.2}{Cloud Vision API}{section.6}% 23
\BOOKMARK [2][-]{subsection.6.3}{Tariffe}{section.6}% 24
\BOOKMARK [1][-]{section.7}{Esempi}{}% 25
\BOOKMARK [2][-]{subsection.7.1}{Riconoscimento di un oggetto specifico}{section.7}% 26
\BOOKMARK [2][-]{subsection.7.2}{Riconoscimento di volti}{section.7}% 27
\BOOKMARK [1][-]{section.8}{Caso d'uso}{}% 28
\BOOKMARK [1][-]{section.9}{Applicazioni reali}{}% 29
\BOOKMARK [1][-]{section.10}{Conclusioni}{}% 30
\BOOKMARK [1][-]{appendix.Alph1}{Tabelle riassuntive}{}% 31
\BOOKMARK [1][-]{table.caption.11}{Riferimenti bibliografici}{}% 32
